<?xml version="1.0" encoding="UTF-8"?>
<!-- Generated by org.testng.reporters.JUnitReportReporter -->
<testsuite skipped="0" hostname="DESKTOP-4DHG3O9" name="com.packt.helper.Packt" tests="1" failures="0" timestamp="19 Dec 2021 11:50:48 GMT" time="2.096" errors="0">
  <testcase name="verifyTopNavigationBarIsDisplayed" time="2.096" classname="com.packt.helper.Packt"/>
</testsuite> <!-- com.packt.helper.Packt -->
